<?xml version="1.0" encoding="UTF-8"?>
<testsuite xmlns:xsi="http://www.w3.org/2001/XMLSchema-instance" xsi:noNamespaceSchemaLocation="https://maven.apache.org/surefire/maven-surefire-plugin/xsd/surefire-test-report.xsd" version="3.0.2" name="com.Prateek.learn_maven.LearnMavenApplicationTests" time="0.933" tests="1" errors="0" skipped="0" failures="0">
  <properties>
[...]
</properties>
  <testcase name="contextLoads" classname="com.Prateek.learn_maven.LearnMavenApplicationTests" time="0.33">
    <system-out><![CDATA[20:31:36.477 [main] INFO org.springframework.test.context.support.AnnotationConfigContextLoaderUtils -- Could not detect default configuration classes for test class [com.Prateek.learn_maven.LearnMavenApplicationTests]: LearnMavenApplicationTests does not declare any static, non-private, non-final, nested classes annotated with @Configuration.
20:31:36.518 [main] INFO org.springframework.boot.test.context.SpringBootTestContextBootstrapper -- Found @SpringBootConfiguration com.Prateek.learn_maven.LearnMavenApplication for test class com.Prateek.learn_maven.LearnMavenApplicationTests

  .   ____          _            __ _ _
 /\\ / ___'_ __ _ _(_)_ __  __ _ \ \ \ \
( ( )\___ | '_ | '_| | '_ \/ _` | \ \ \ \
 \\/  ___)| |_)| | | | | || (_| |  ) ) ) )
  '  |____| .__|_| |_|_| |_\__, | / / / /
 =========|_|==============|___/=/_/_/_/

 :: Spring Boot ::                (v4.0.1)

2025-12-28T20:31:36.665+05:30  INFO 45364 --- [learn-maven] [           main] c.P.l.LearnMavenApplicationTests         : Starting LearnMavenApplicationTests using Java 21.0.9 with PID 45364 (started by prateek in /Users/prateek/eclipse-workspace/03-learn-maven)
2025-12-28T20:31:36.666+05:30  INFO 45364 --- [learn-maven] [           main] c.P.l.LearnMavenApplicationTests         : No active profile set, falling back to 1 default profile: "default"
2025-12-28T20:31:37.000+05:30  INFO 45364 --- [learn-maven] [           main] c.P.l.LearnMavenApplicationTests         : Started LearnMavenApplicationTests in 0.433 seconds (process running for 0.838)
]]></system-out>
    <system-err><![CDATA[Mockito is currently self-attaching to enable the inline-mock-maker. This will no longer work in future releases of the JDK. Please add Mockito as an agent to your build as described in Mockito's documentation: https://javadoc.io/doc/org.mockito/mockito-core/latest/org.mockito/org/mockito/Mockito.html#0.3
WARNING: A Java agent has been loaded dynamically (/Users/prateek/.m2/repository/net/bytebuddy/byte-buddy-agent/1.17.8/byte-buddy-agent-1.17.8.jar)
WARNING: If a serviceability tool is in use, please run with -XX:+EnableDynamicAgentLoading to hide this warning
WARNING: If a serviceability tool is not in use, please run with -Djdk.instrument.traceUsage for more information
WARNING: Dynamic loading of agents will be disallowed by default in a future release
]]></system-err>
  </testcase>
</testsuite>